# JRE version: Java(TM) SE Runtime Environment (8.0_191-b12) (build 1.8.0_191-b12)
# Java VM: Java HotSpot(TM) 64-Bit Server VM (25.191-b12 mixed mode windows-amd64 compressed oops)
Heap:
 PSYoungGen      total 220672K, used 76606K [0x00000000d5a00000, 0x00000000e4800000, 0x0000000100000000)
  eden space 201216K, 29% used [0x00000000d5a00000,0x00000000d94830d0,0x00000000e1e80000)
  from space 19456K, 85% used [0x00000000e3300000,0x00000000e434c808,0x00000000e4600000)
  to   space 20992K, 0% used [0x00000000e1e80000,0x00000000e1e80000,0x00000000e3300000)
 ParOldGen       total 90112K, used 22587K [0x0000000080e00000, 0x0000000086600000, 0x00000000d5a00000)
  object space 90112K, 25% used [0x0000000080e00000,0x000000008240ee38,0x0000000086600000)
 Metaspace       used 55491K, capacity 58426K, committed 58752K, reserved 1099776K
  class space    used 7762K, capacity 8278K, committed 8320K, reserved 1048576K
GC Heap History (10 events):
Event: 2.330 GC heap before
{Heap before GC invocations=8 (full 1):
 PSYoungGen      total 114688K, used 114662K [0x00000000d5a00000, 0x00000000dd600000, 0x0000000100000000)
  eden space 105472K, 100% used [0x00000000d5a00000,0x00000000dc100000,0x00000000dc100000)
  from space 9216K, 99% used [0x00000000dcc00000,0x00000000dd4f9a80,0x00000000dd500000)
  to   space 10752K, 0% used [0x00000000dc100000,0x00000000dc100000,0x00000000dcb80000)
 ParOldGen       total 55808K, used 8326K [0x0000000080e00000, 0x0000000084480000, 0x00000000d5a00000)
  object space 55808K, 14% used [0x0000000080e00000,0x0000000081621980,0x0000000084480000)
 Metaspace       used 29742K, capacity 31310K, committed 31488K, reserved 1077248K
  class space    used 4012K, capacity 4315K, committed 4352K, reserved 1048576K
Event: 2.339 GC heap after
Heap after GC invocations=8 (full 1):
 PSYoungGen      total 116224K, used 10740K [0x00000000d5a00000, 0x00000000e1300000, 0x0000000100000000)
  eden space 105472K, 0% used [0x00000000d5a00000,0x00000000d5a00000,0x00000000dc100000)
  from space 10752K, 99% used [0x00000000dc100000,0x00000000dcb7d108,0x00000000dcb80000)
  to   space 12800K, 0% used [0x00000000e0680000,0x00000000e0680000,0x00000000e1300000)
 ParOldGen       total 55808K, used 9406K [0x0000000080e00000, 0x0000000084480000, 0x00000000d5a00000)
  object space 55808K, 16% used [0x0000000080e00000,0x000000008172f9b8,0x0000000084480000)
 Metaspace       used 29742K, capacity 31310K, committed 31488K, reserved 1077248K
  class space    used 4012K, capacity 4315K, committed 4352K, reserved 1048576K
}
Event: 3.271 GC heap before
{Heap before GC invocations=9 (full 1):
 PSYoungGen      total 116224K, used 58575K [0x00000000d5a00000, 0x00000000e1300000, 0x0000000100000000)
  eden space 105472K, 45% used [0x00000000d5a00000,0x00000000d88b6c88,0x00000000dc100000)
  from space 10752K, 99% used [0x00000000dc100000,0x00000000dcb7d108,0x00000000dcb80000)
  to   space 12800K, 0% used [0x00000000e0680000,0x00000000e0680000,0x00000000e1300000)
 ParOldGen       total 55808K, used 9406K [0x0000000080e00000, 0x0000000084480000, 0x00000000d5a00000)
  object space 55808K, 16% used [0x0000000080e00000,0x000000008172f9b8,0x0000000084480000)
 Metaspace       used 33761K, capacity 35398K, committed 35496K, reserved 1079296K
  class space    used 4484K, capacity 4819K, committed 4864K, reserved 1048576K
Event: 3.300 GC heap after
Heap after GC invocations=9 (full 1):
 PSYoungGen      total 173568K, used 12768K [0x00000000d5a00000, 0x00000000e1a80000, 0x0000000100000000)
  eden space 160768K, 0% used [0x00000000d5a00000,0x00000000d5a00000,0x00000000df700000)
  from space 12800K, 99% used [0x00000000e0680000,0x00000000e12f82a8,0x00000000e1300000)
  to   space 15872K, 0% used [0x00000000df700000,0x00000000df700000,0x00000000e0680000)
 ParOldGen       total 55808K, used 11422K [0x0000000080e00000, 0x0000000084480000, 0x00000000d5a00000)
  object space 55808K, 20% used [0x0000000080e00000,0x0000000081927978,0x0000000084480000)
 Metaspace       used 33761K, capacity 35398K, committed 35496K, reserved 1079296K
  class space    used 4484K, capacity 4819K, committed 4864K, reserved 1048576K
}
Event: 3.300 GC heap before
{Heap before GC invocations=10 (full 2):
 PSYoungGen      total 173568K, used 12768K [0x00000000d5a00000, 0x00000000e1a80000, 0x0000000100000000)
  eden space 160768K, 0% used [0x00000000d5a00000,0x00000000d5a00000,0x00000000df700000)
  from space 12800K, 99% used [0x00000000e0680000,0x00000000e12f82a8,0x00000000e1300000)
  to   space 15872K, 0% used [0x00000000df700000,0x00000000df700000,0x00000000e0680000)
 ParOldGen       total 55808K, used 11422K [0x0000000080e00000, 0x0000000084480000, 0x00000000d5a00000)
  object space 55808K, 20% used [0x0000000080e00000,0x0000000081927978,0x0000000084480000)
 Metaspace       used 33761K, capacity 35398K, committed 35496K, reserved 1079296K
  class space    used 4484K, capacity 4819K, committed 4864K, reserved 1048576K
Event: 3.372 GC heap after
Heap after GC invocations=10 (full 2):
 PSYoungGen      total 173568K, used 0K [0x00000000d5a00000, 0x00000000e1a80000, 0x0000000100000000)
  eden space 160768K, 0% used [0x00000000d5a00000,0x00000000d5a00000,0x00000000df700000)
  from space 12800K, 0% used [0x00000000e0680000,0x00000000e0680000,0x00000000e1300000)
  to   space 15872K, 0% used [0x00000000df700000,0x00000000df700000,0x00000000e0680000)
 ParOldGen       total 90112K, used 19344K [0x0000000080e00000, 0x0000000086600000, 0x00000000d5a00000)
  object space 90112K, 21% used [0x0000000080e00000,0x00000000820e4120,0x0000000086600000)
 Metaspace       used 33761K, capacity 35398K, committed 35496K, reserved 1079296K
  class space    used 4484K, capacity 4819K, committed 4864K, reserved 1048576K
}
Event: 13.096 GC heap before
{Heap before GC invocations=11 (full 2):
 PSYoungGen      total 173568K, used 160768K [0x00000000d5a00000, 0x00000000e1a80000, 0x0000000100000000)
  eden space 160768K, 100% used [0x00000000d5a00000,0x00000000df700000,0x00000000df700000)
  from space 12800K, 0% used [0x00000000e0680000,0x00000000e0680000,0x00000000e1300000)
  to   space 15872K, 0% used [0x00000000df700000,0x00000000df700000,0x00000000e0680000)
 ParOldGen       total 90112K, used 19344K [0x0000000080e00000, 0x0000000086600000, 0x00000000d5a00000)
  object space 90112K, 21% used [0x0000000080e00000,0x00000000820e4120,0x0000000086600000)
 Metaspace       used 49738K, capacity 52040K, committed 52224K, reserved 1093632K
  class space    used 6946K, capacity 7382K, committed 7424K, reserved 1048576K
Event: 13.110 GC heap after
Heap after GC invocations=11 (full 2):
 PSYoungGen      total 176640K, used 15857K [0x00000000d5a00000, 0x00000000e4600000, 0x0000000100000000)
  eden space 160768K, 0% used [0x00000000d5a00000,0x00000000d5a00000,0x00000000df700000)
  from space 15872K, 99% used [0x00000000df700000,0x00000000e067c7c0,0x00000000e0680000)
  to   space 19456K, 0% used [0x00000000e3300000,0x00000000e3300000,0x00000000e4600000)
 ParOldGen       total 90112K, used 22579K [0x0000000080e00000, 0x0000000086600000, 0x00000000d5a00000)
  object space 90112K, 25% used [0x0000000080e00000,0x000000008240ce38,0x0000000086600000)
 Metaspace       used 49738K, capacity 52040K, committed 52224K, reserved 1093632K
  class space    used 6946K, capacity 7382K, committed 7424K, reserved 1048576K
}
Event: 14.027 GC heap before
{Heap before GC invocations=12 (full 2):
 PSYoungGen      total 176640K, used 176625K [0x00000000d5a00000, 0x00000000e4600000, 0x0000000100000000)
  eden space 160768K, 100% used [0x00000000d5a00000,0x00000000df700000,0x00000000df700000)
  from space 15872K, 99% used [0x00000000df700000,0x00000000e067c7c0,0x00000000e0680000)
  to   space 19456K, 0% used [0x00000000e3300000,0x00000000e3300000,0x00000000e4600000)
 ParOldGen       total 90112K, used 22579K [0x0000000080e00000, 0x0000000086600000, 0x00000000d5a00000)
  object space 90112K, 25% used [0x0000000080e00000,0x000000008240ce38,0x0000000086600000)
 Metaspace       used 52869K, capacity 55632K, committed 55808K, reserved 1097728K
  class space    used 7414K, capacity 7911K, committed 7936K, reserved 1048576K
Event: 14.042 GC heap after
Heap after GC invocations=12 (full 2):
 PSYoungGen      total 220672K, used 16690K [0x00000000d5a00000, 0x00000000e4800000, 0x0000000100000000)
  eden space 201216K, 0% used [0x00000000d5a00000,0x00000000d5a00000,0x00000000e1e80000)
  from space 19456K, 85% used [0x00000000e3300000,0x00000000e434c808,0x00000000e4600000)
  to   space 20992K, 0% used [0x00000000e1e80000,0x00000000e1e80000,0x00000000e3300000)
 ParOldGen       total 90112K, used 22587K [0x0000000080e00000, 0x0000000086600000, 0x00000000d5a00000)
  object space 90112K, 25% used [0x0000000080e00000,0x000000008240ee38,0x0000000086600000)
 Metaspace       used 52869K, capacity 55632K, committed 55808K, reserved 1097728K
  class space    used 7414K, capacity 7911K, committed 7936K, reserved 1048576K
}

